#
# There is insufficient memory for the Java Runtime Environment to continue.
# Native memory allocation (malloc) failed to allocate 1048576 bytes for AllocateHeap
# Possible reasons:
#   The system is out of physical RAM or swap space
#   The process is running with CompressedOops enabled, and the Java Heap may be blocking the growth of the native heap
# Possible solutions:
#   Reduce memory load on the system
#   Increase physical memory or swap space
#   Check if swap backing store is full
#   Decrease Java heap size (-Xmx/-Xms)
#   Decrease number of Java threads
#   Decrease Java thread stack sizes (-Xss)
#   Set larger code cache with -XX:ReservedCodeCacheSize=
#   JVM is running with Unscaled Compressed Oops mode in which the Java heap is
#     placed in the first 4GB address space. The Java Heap base address is the
#     maximum limit for the native heap growth. Please use -XX:HeapBaseMinAddress
#     to set the Java Heap base and to place the Java Heap above 4GB virtual address.
# This output file may be truncated or incomplete.
#
#  Out of Memory Error (allocation.cpp:44), pid=20908, tid=22252
#
# JRE version:  (21.0.2+13) (build )
# Java VM: Java HotSpot(TM) 64-Bit Server VM (21.0.2+13-LTS-58, mixed mode, sharing, tiered, compressed oops, compressed class ptrs, g1 gc, windows-amd64)
# No core dump will be written. Minidumps are not enabled by default on client versions of Windows
#

---------------  S U M M A R Y ------------

Command Line: 

Host: AMD Ryzen 5 5500U with Radeon Graphics         , 12 cores, 13G,  Windows 11 , 64 bit Build 26100 (10.0.26100.7920)
Time: Wed Apr 15 17:21:24 2026 SE Asia Standard Time elapsed time: 0.233463 seconds (0d 0h 0m 0s)

---------------  T H R E A D  ---------------

Current thread (0x00000242830397b0):  JavaThread "Unknown thread" [_thread_in_vm, id=22252, stack(0x000000bc97b00000,0x000000bc97c00000) (1024K)]

Stack: [0x000000bc97b00000,0x000000bc97c00000]
Native frames: (J=compiled Java code, j=interpreted, Vv=VM code, C=native code)
V  [jvm.dll+0x6cade9]
V  [jvm.dll+0x8569c1]
V  [jvm.dll+0x858d2e]
V  [jvm.dll+0x859413]
V  [jvm.dll+0x280e56]
V  [jvm.dll+0xbeb17]
V  [jvm.dll+0x3273b5]
V  [jvm.dll+0x81ef6d]
V  [jvm.dll+0x3bba01]
V  [jvm.dll+0x807928]
V  [jvm.dll+0x44f50e]
V  [jvm.dll+0x450e11]
C  [jli.dll+0x52a3]
C  [ucrtbase.dll+0x37b0]
C  [KERNEL32.DLL+0x2e8d7]
C  [ntdll.dll+0x8c48c]


---------------  P R O C E S S  ---------------

Threads class SMR info:
_java_thread_list=0x00007ffbedc5bb88, length=0, elements={
}

Java Threads: ( => current thread )
Total: 0

Other Threads:

=>0x00000242830397b0 (exited) JavaThread "Unknown thread"    [_thread_in_vm, id=22252, stack(0x000000bc97b00000,0x000000bc97c00000) (1024K)]
Total: 1

Threads with active compile tasks:
Total: 0

VM state: not at safepoint (not fully initialized)

VM Mutex/Monitor currently owned by a thread: None

Heap address: 0x0000000000000000, size: 0 MB, Compressed Oops mode: 32-bit

CDS archive(s) mapped at: [0x0000000000000000-0x0000000000000000-0x0000000000000000), size 0, SharedBaseAddress: 0x0000000800000000, ArchiveRelocationMode: 1.
Narrow klass base: 0x0000000000000000, Narrow klass shift: 0, Narrow klass range: 0x0

GC Precious Log:
 CardTable entry size: 512
 Card Set container configuration: InlinePtr #cards 4 size 8 Array Of Cards #cards 16 size 48 Howl #buckets 8 coarsen threshold 3686 Howl Bitmap #cards 512 size 80 coarsen threshold 460 Card regions per heap region 1 cards per card region 4096

GC Heap History (0 events):
No events

Dll operation events (1 events):
Event: 0.019 Loaded shared library C:\Program Files\Java\jdk-21\bin\java.dll

Deoptimization events (0 events):
No events

Classes loaded (0 events):
No events

Classes unloaded (0 events):
No events

Classes redefined (0 events):
No events

Internal exceptions (0 events):
No events

ZGC Phase Switch (0 events):
No events

VM Operations (0 events):
No events

Events (0 events):
No events


Dynamic libraries:
0x00007ff779ee0000 - 0x00007ff779ef0000 	C:\Program Files\Java\jdk-21\bin\java.exe
0x00007ffc7ef20000 - 0x00007ffc7f187000 	C:\WINDOWS\SYSTEM32\ntdll.dll
0x00007ffc7d860000 - 0x00007ffc7d929000 	C:\WINDOWS\System32\KERNEL32.DLL
0x00007ffc7b8b0000 - 0x00007ffc7bca1000 	C:\WINDOWS\System32\KERNELBASE.dll
0x00007ffc7c6e0000 - 0x00007ffc7c82b000 	C:\WINDOWS\System32\ucrtbase.dll
0x00007ffc029b0000 - 0x00007ffc029c9000 	C:\Program Files\Java\jdk-21\bin\jli.dll
0x00007ffc7e280000 - 0x00007ffc7e33b000 	C:\WINDOWS\System32\ADVAPI32.dll
0x00007ffc7d320000 - 0x00007ffc7d3c9000 	C:\WINDOWS\System32\msvcrt.dll
0x00007ffc7d240000 - 0x00007ffc7d2e7000 	C:\WINDOWS\System32\sechost.dll
0x00007ffc7d680000 - 0x00007ffc7d798000 	C:\WINDOWS\System32\RPCRT4.dll
0x00007ffc02160000 - 0x00007ffc0217b000 	C:\Program Files\Java\jdk-21\bin\VCRUNTIME140.dll
0x00007ffc7d4b0000 - 0x00007ffc7d675000 	C:\WINDOWS\System32\USER32.dll
0x00007ffc7cbd0000 - 0x00007ffc7cbf7000 	C:\WINDOWS\System32\win32u.dll
0x00007ffc7de00000 - 0x00007ffc7de2b000 	C:\WINDOWS\System32\GDI32.dll
0x00007ffc69580000 - 0x00007ffc69813000 	C:\WINDOWS\WinSxS\amd64_microsoft.windows.common-controls_6595b64144ccf1df_6.0.26100.8037_none_3e092faae333b53b\COMCTL32.dll
0x00007ffc7c5b0000 - 0x00007ffc7c6db000 	C:\WINDOWS\System32\gdi32full.dll
0x00007ffc7cb20000 - 0x00007ffc7cbc3000 	C:\WINDOWS\System32\msvcp_win.dll
0x00007ffc733a0000 - 0x00007ffc733ab000 	C:\WINDOWS\SYSTEM32\VERSION.dll
0x00007ffc7d930000 - 0x00007ffc7d961000 	C:\WINDOWS\System32\IMM32.DLL
0x00007ffc43050000 - 0x00007ffc4305c000 	C:\Program Files\Java\jdk-21\bin\vcruntime140_1.dll
0x00007ffbefa30000 - 0x00007ffbefabe000 	C:\Program Files\Java\jdk-21\bin\msvcp140.dll
0x00007ffbed090000 - 0x00007ffbedda7000 	C:\Program Files\Java\jdk-21\bin\server\jvm.dll
0x00007ffc7ee20000 - 0x00007ffc7ee94000 	C:\WINDOWS\System32\WS2_32.dll
0x00007ffc7b680000 - 0x00007ffc7b6de000 	C:\WINDOWS\SYSTEM32\POWRPROF.dll
0x00007ffc73360000 - 0x00007ffc73395000 	C:\WINDOWS\SYSTEM32\WINMM.dll
0x00007ffc7b660000 - 0x00007ffc7b674000 	C:\WINDOWS\SYSTEM32\UMPDC.dll
0x00007ffc7a590000 - 0x00007ffc7a5ab000 	C:\WINDOWS\SYSTEM32\kernel.appcore.dll
0x00007ffc42590000 - 0x00007ffc4259a000 	C:\Program Files\Java\jdk-21\bin\jimage.dll
0x00007ffc79870000 - 0x00007ffc79ab2000 	C:\WINDOWS\SYSTEM32\DBGHELP.DLL
0x00007ffc7ccc0000 - 0x00007ffc7d042000 	C:\WINDOWS\System32\combase.dll
0x00007ffc7e090000 - 0x00007ffc7e167000 	C:\WINDOWS\System32\OLEAUT32.dll
0x00007ffc676d0000 - 0x00007ffc6770b000 	C:\WINDOWS\SYSTEM32\dbgcore.DLL
0x00007ffc7b800000 - 0x00007ffc7b8a5000 	C:\WINDOWS\System32\bcryptPrimitives.dll
0x00007ffc01aa0000 - 0x00007ffc01abf000 	C:\Program Files\Java\jdk-21\bin\java.dll

dbghelp: loaded successfully - version: 4.0.5 - missing functions: none
symbol engine: initialized successfully - sym options: 0x614 - pdb path: .;C:\Program Files\Java\jdk-21\bin;C:\WINDOWS\SYSTEM32;C:\WINDOWS\WinSxS\amd64_microsoft.windows.common-controls_6595b64144ccf1df_6.0.26100.8037_none_3e092faae333b53b;C:\Program Files\Java\jdk-21\bin\server

VM Arguments:
java_command: <unknown>
java_class_path (initial): <not set>
Launcher Type: SUN_STANDARD

[Global flags]
     intx CICompilerCount                          = 4                                         {product} {ergonomic}
     uint ConcGCThreads                            = 3                                         {product} {ergonomic}
     uint G1ConcRefinementThreads                  = 10                                        {product} {ergonomic}
   size_t G1HeapRegionSize                         = 2097152                                   {product} {ergonomic}
    uintx GCDrainStackTargetSize                   = 64                                        {product} {ergonomic}
   size_t InitialHeapSize                          = 232783872                                 {product} {ergonomic}
   size_t MarkStackSize                            = 4194304                                   {product} {ergonomic}
   size_t MaxHeapSize                              = 3722444800                                {product} {ergonomic}
   size_t MinHeapDeltaBytes                        = 2097152                                   {product} {ergonomic}
   size_t MinHeapSize                              = 8388608                                   {product} {ergonomic}
    uintx NonNMethodCodeHeapSize                   = 5839372                                {pd product} {ergonomic}
    uintx NonProfiledCodeHeapSize                  = 122909434                              {pd product} {ergonomic}
    uintx ProfiledCodeHeapSize                     = 122909434                              {pd product} {ergonomic}
    uintx ReservedCodeCacheSize                    = 251658240                              {pd product} {ergonomic}
     bool SegmentedCodeCache                       = true                                      {product} {ergonomic}
   size_t SoftMaxHeapSize                          = 3722444800                             {manageable} {ergonomic}
     bool UseCompressedOops                        = true                           {product lp64_product} {ergonomic}
     bool UseG1GC                                  = true                                      {product} {ergonomic}
     bool UseLargePagesIndividualAllocation        = false                                  {pd product} {ergonomic}

Logging:
Log output configuration:
 #0: stdout all=warning uptime,level,tags foldmultilines=false
 #1: stderr all=off uptime,level,tags foldmultilines=false

Environment Variables:
PATH=C:\Users\LENOVO\AppData\Local\Programs\Microsoft VS Code;C:\laragon\bin\php\php-8.1.10-Win32-vs16-x64;C:\Python313\Scripts\;C:\Python313\;C:\Program Files\Common Files\Oracle\Java\javapath;C:\WINDOWS\system32;C:\WINDOWS;C:\WINDOWS\System32\Wbem;C:\WINDOWS\System32\WindowsPowerShell\v1.0\;C:\WINDOWS\System32\OpenSSH\;C:\Program Files\Java\jdk-21\bin;C:\Program Files\dotnet\;C:\Program Files\Azure Data Studio\bin;C:\ProgramData\chocolatey\bin;C:\laragon;C:\Program Files (x86)\ZeroTier\One\;C:\Program Files\PuTTY\;C:\laragon\www\;C:\Program Files\Git\cmd;C:\laragon\bin\php\php-8.3.19-Win32-vs16-x64;C:\Program Files\Azure Data Studio\bin;C:\Users\LENOVO\AppData\Local\Programs\Microsoft VS Code\bin;C:\Users\LENOVO\AppData\Roaming\Composer\vendor\bin;C:\Program Files\Java\jdk-21\bin;C:\src\flutter\bin;C:\Program Files\JetBrains\IntelliJ IDEA 2024.3.5\bin;;C:\Users\LENOVO\AppData\Local\Microsoft\WindowsApps;C:\Users\LENOVO\AppData\Roaming\npm
USERNAME=LENOVO
OS=Windows_NT
PROCESSOR_IDENTIFIER=AMD64 Family 23 Model 104 Stepping 1, AuthenticAMD
TMP=C:\Users\LENOVO\AppData\Local\Temp
TEMP=C:\Users\LENOVO\AppData\Local\Temp




Periodic native trim disabled

---------------  S Y S T E M  ---------------

OS:
 Windows 11 , 64 bit Build 26100 (10.0.26100.7920)
OS uptime: 0 days 21:39 hours
Hyper-V role detected

CPU: total 12 (initial active 12) (12 cores per cpu, 2 threads per core) family 23 model 104 stepping 1 microcode 0x8608103, cx8, cmov, fxsr, ht, mmx, 3dnowpref, sse, sse2, sse3, ssse3, sse4a, sse4.1, sse4.2, popcnt, lzcnt, tsc, tscinvbit, avx, avx2, aes, clmul, bmi1, bmi2, adx, sha, fma, vzeroupper, clflush, clflushopt, hv, rdtscp, rdpid, f16c
Processor Information for processor 0
  Max Mhz: 2100, Current Mhz: 2100, Mhz Limit: 2100
Processor Information for processor 1
  Max Mhz: 2100, Current Mhz: 1988, Mhz Limit: 2100
Processor Information for processor 2
  Max Mhz: 2100, Current Mhz: 1988, Mhz Limit: 2100
Processor Information for processor 3
  Max Mhz: 2100, Current Mhz: 2100, Mhz Limit: 2100
Processor Information for processor 4
  Max Mhz: 2100, Current Mhz: 2100, Mhz Limit: 2100
Processor Information for processor 5
  Max Mhz: 2100, Current Mhz: 2100, Mhz Limit: 2100
Processor Information for processor 6
  Max Mhz: 2100, Current Mhz: 1988, Mhz Limit: 2100
Processor Information for processor 7
  Max Mhz: 2100, Current Mhz: 2100, Mhz Limit: 2100
Processor Information for processor 8
  Max Mhz: 2100, Current Mhz: 2100, Mhz Limit: 2100
Processor Information for processor 9
  Max Mhz: 2100, Current Mhz: 1988, Mhz Limit: 2100
Processor Information for processor 10
  Max Mhz: 2100, Current Mhz: 2100, Mhz Limit: 2100
Processor Information for processor 11
  Max Mhz: 2100, Current Mhz: 1988, Mhz Limit: 2100

Memory: 4k page, system-wide physical 14197M (3821M free)
TotalPageFile size 14197M (AvailPageFile size 5M)
current process WorkingSet (physical memory assigned to process): 12M, peak: 12M
current process commit charge ("private bytes"): 17M, peak: 18M

vm_info: Java HotSpot(TM) 64-Bit Server VM (21.0.2+13-LTS-58) for windows-amd64 JRE (21.0.2+13-LTS-58), built on 2024-01-05T18:32:24Z by "mach5one" with MS VC++ 17.1 (VS2022)

END.
